<?xml version="1.0" encoding="UTF-8"?>
<testng-results ignored="0" total="1" passed="1" failed="0" skipped="0">
  <reporter-output>
  </reporter-output>
  <suite started-at="2022-04-05T21:23:07 IST" name="Default suite" finished-at="2022-04-05T21:23:16 IST" duration-ms="9909">
    <groups>
    </groups>
    <test started-at="2022-04-05T21:23:07 IST" name="Default test" finished-at="2022-04-05T21:23:16 IST" duration-ms="9909">
      <class name="pages.HomePage">
        <test-method signature="loadHomePage()[pri:0, instance:pages.HomePage@55536d9e]" started-at="2022-04-05T21:23:07 IST" name="loadHomePage" finished-at="2022-04-05T21:23:16 IST" duration-ms="9840" status="PASS">
          <reporter-output>
          </reporter-output>
        </test-method> <!-- loadHomePage -->
      </class> <!-- pages.HomePage -->
    </test> <!-- Default test -->
  </suite> <!-- Default suite -->
</testng-results>
